[0.032s] Invoking command in '/home/uditr/mybot_ws/build/mybot_controller': /usr/bin/cmake --build /home/uditr/mybot_ws/build/mybot_controller -- -j8 -l8
[0.314s] -- Found ament_cmake: 1.3.9 (/opt/ros/humble/share/ament_cmake/cmake)
[0.671s] -- Override CMake install command with custom implementation using symlinks instead of copying resources
[0.860s] -- Found rclpy: 3.3.13 (/opt/ros/humble/share/rclpy/cmake)
[0.871s] -- Found std_msgs: 4.2.4 (/opt/ros/humble/share/std_msgs/cmake)
[1.172s] -- Found rosidl_generator_c: 3.1.5 (/opt/ros/humble/share/rosidl_generator_c/cmake)
[1.214s] -- Found rosidl_adapter: 3.1.5 (/opt/ros/humble/share/rosidl_adapter/cmake)
[1.277s] -- Found rosidl_generator_cpp: 3.1.5 (/opt/ros/humble/share/rosidl_generator_cpp/cmake)
[1.320s] -- Using all available rosidl_typesupport_c: rosidl_typesupport_fastrtps_c;rosidl_typesupport_introspection_c
[1.384s] -- Using all available rosidl_typesupport_cpp: rosidl_typesupport_fastrtps_cpp;rosidl_typesupport_introspection_cpp
[1.504s] -- Found geometry_msgs: 4.2.4 (/opt/ros/humble/share/geometry_msgs/cmake)
[1.716s] Error parsing '/home/uditr/mybot_ws/src/mybot_controller/package.xml':
[2.400s] Traceback (most recent call last):
[2.401s]   File "/opt/ros/humble/share/ament_cmake_core/cmake/core/package_xml_2_cmake.py", line 150, in <module>
[2.401s]     main()
[2.401s]   File "/opt/ros/humble/share/ament_cmake_core/cmake/core/package_xml_2_cmake.py", line 53, in main
[2.401s]     raise e
[2.401s]   File "/opt/ros/humble/share/ament_cmake_core/cmake/core/package_xml_2_cmake.py", line 49, in main
[2.402s]     package = parse_package_string(
[2.402s]   File "/usr/lib/python3/dist-packages/catkin_pkg/package.py", line 786, in parse_package_string
[2.429s]     raise InvalidPackage('Error(s):%s' % (''.join(['\n- %s' % e for e in errors])), filename)
[2.429s] catkin_pkg.package.InvalidPackage: Error(s) in package '/home/uditr/mybot_ws/src/mybot_controller/package.xml':
[2.429s] Error(s):
[2.430s] - The generic dependency on 'rclpy' is redundant with: exec_depend
[2.430s] - The generic dependency on 'std_msgs' is redundant with: exec_depend
[2.430s] - The generic dependency on 'geometry_msgs' is redundant with: exec_depend
[2.458s] [31mCMake Error at /opt/ros/humble/share/ament_cmake_core/cmake/core/ament_package_xml.cmake:95 (message):
[2.458s]   execute_process(/usr/bin/python3
[2.458s]   /opt/ros/humble/share/ament_cmake_core/cmake/core/package_xml_2_cmake.py
[2.458s]   /home/uditr/mybot_ws/src/mybot_controller/package.xml
[2.458s]   /home/uditr/mybot_ws/build/mybot_controller/ament_cmake_core/package.cmake)
[2.458s]   returned error code 1
[2.458s] Call Stack (most recent call first):
[2.458s]   /opt/ros/humble/share/ament_cmake_core/cmake/core/ament_package_xml.cmake:49 (_ament_package_xml)
[2.458s]   /opt/ros/humble/share/ament_cmake_python/cmake/ament_python_install_package.cmake:60 (ament_package_xml)
[2.459s]   /opt/ros/humble/share/ament_cmake_python/cmake/ament_python_install_package.cmake:39 (_ament_cmake_python_install_package)
[2.459s]   CMakeLists.txt:15 (ament_python_install_package)
[2.459s] 
[2.459s] [0m
[2.482s] -- Configuring incomplete, errors occurred!
[2.482s] See also "/home/uditr/mybot_ws/build/mybot_controller/CMakeFiles/CMakeOutput.log".
[2.495s] gmake: *** [Makefile:254: cmake_check_build_system] Error 1
[2.497s] Invoked command in '/home/uditr/mybot_ws/build/mybot_controller' returned '2': /usr/bin/cmake --build /home/uditr/mybot_ws/build/mybot_controller -- -j8 -l8
